<?xml version="1.0" encoding="UTF-8"?>
<coverage generated="1689634908701" clover="3.2.0">
  <project timestamp="1689634908702" name="All files">
    <metrics statements="26" coveredstatements="26" conditionals="3" coveredconditionals="3" methods="6" coveredmethods="6" elements="35" coveredelements="35" complexity="0" loc="26" ncloc="26" packages="2" files="3" classes="3"/>
    <package name="src">
      <metrics statements="19" coveredstatements="19" conditionals="3" coveredconditionals="3" methods="4" coveredmethods="4"/>
      <file name="db.js" path="E:\Henrry\proyecto-individual\cr-pi-countries-main\server\src\db.js">
        <metrics statements="19" coveredstatements="19" conditionals="3" coveredconditionals="3" methods="4" coveredmethods="4"/>
        <line num="1" count="1" type="stmt"/>
        <line num="2" count="1" type="stmt"/>
        <line num="4" count="1" type="stmt"/>
        <line num="5" count="1" type="stmt"/>
        <line num="6" count="1" type="stmt"/>
        <line num="8" count="1" type="stmt"/>
        <line num="15" count="1" type="stmt"/>
        <line num="17" count="1" type="stmt"/>
        <line num="19" count="1" type="stmt"/>
        <line num="22" count="2" type="cond" truecount="3" falsecount="0"/>
        <line num="25" count="2" type="stmt"/>
        <line num="28" count="2" type="stmt"/>
        <line num="30" count="1" type="stmt"/>
        <line num="31" count="2" type="stmt"/>
        <line num="35" count="1" type="stmt"/>
        <line num="37" count="1" type="stmt"/>
        <line num="39" count="1" type="stmt"/>
        <line num="40" count="1" type="stmt"/>
        <line num="42" count="1" type="stmt"/>
      </file>
    </package>
    <package name="src.models">
      <metrics statements="7" coveredstatements="7" conditionals="0" coveredconditionals="0" methods="2" coveredmethods="2"/>
      <file name="Activity.js" path="E:\Henrry\proyecto-individual\cr-pi-countries-main\server\src\models\Activity.js">
        <metrics statements="4" coveredstatements="4" conditionals="0" coveredconditionals="0" methods="1" coveredmethods="1"/>
        <line num="1" count="1" type="stmt"/>
        <line num="2" count="1" type="stmt"/>
        <line num="4" count="1" type="stmt"/>
        <line num="5" count="1" type="stmt"/>
      </file>
      <file name="Country.js" path="E:\Henrry\proyecto-individual\cr-pi-countries-main\server\src\models\Country.js">
        <metrics statements="3" coveredstatements="3" conditionals="0" coveredconditionals="0" methods="1" coveredmethods="1"/>
        <line num="1" count="1" type="stmt"/>
        <line num="2" count="1" type="stmt"/>
        <line num="3" count="1" type="stmt"/>
      </file>
    </package>
  </project>
</coverage>
