{"E:\\Henrry\\proyecto-individual\\cr-pi-countries-main\\server\\src\\db.js": {"path":"E:\\Henrry\\proyecto-individual\\cr-pi-countries-main\\server\\src\\db.js","statementMap":{"0":{"start":{"line":1,"column":0},"end":{"line":1,"column":27}},"1":{"start":{"line":2,"column":22},"end":{"line":2,"column":42}},"2":{"start":{"line":4,"column":11},"end":{"line":4,"column":24}},"3":{"start":{"line":5,"column":13},"end":{"line":5,"column":28}},"4":{"start":{"line":6,"column":60},"end":{"line":6,"column":71}},"5":{"start":{"line":8,"column":18},"end":{"line":14,"column":1}},"6":{"start":{"line":15,"column":17},"end":{"line":15,"column":42}},"7":{"start":{"line":17,"column":22},"end":{"line":17,"column":24}},"8":{"start":{"line":19,"column":0},"end":{"line":26,"column":5}},"9":{"start":{"line":22,"column":6},"end":{"line":22,"column":78}},"10":{"start":{"line":25,"column":4},"end":{"line":25,"column":71}},"11":{"start":{"line":28,"column":0},"end":{"line":28,"column":51}},"12":{"start":{"line":28,"column":33},"end":{"line":28,"column":49}},"13":{"start":{"line":30,"column":14},"end":{"line":30,"column":46}},"14":{"start":{"line":31,"column":18},"end":{"line":34,"column":2}},"15":{"start":{"line":31,"column":41},"end":{"line":34,"column":1}},"16":{"start":{"line":35,"column":0},"end":{"line":35,"column":51}},"17":{"start":{"line":37,"column":30},"end":{"line":37,"column":46}},"18":{"start":{"line":39,"column":0},"end":{"line":39,"column":64}},"19":{"start":{"line":40,"column":0},"end":{"line":40,"column":64}},"20":{"start":{"line":42,"column":0},"end":{"line":46,"column":2}}},"fnMap":{"0":{"name":"(anonymous_0)","decl":{"start":{"line":21,"column":4},"end":{"line":21,"column":5}},"loc":{"start":{"line":22,"column":6},"end":{"line":22,"column":78}},"line":22},"1":{"name":"(anonymous_1)","decl":{"start":{"line":24,"column":11},"end":{"line":24,"column":12}},"loc":{"start":{"line":24,"column":21},"end":{"line":26,"column":3}},"line":24},"2":{"name":"(anonymous_2)","decl":{"start":{"line":28,"column":22},"end":{"line":28,"column":23}},"loc":{"start":{"line":28,"column":33},"end":{"line":28,"column":49}},"line":28},"3":{"name":"(anonymous_3)","decl":{"start":{"line":31,"column":30},"end":{"line":31,"column":31}},"loc":{"start":{"line":31,"column":41},"end":{"line":34,"column":1}},"line":31}},"branchMap":{"0":{"loc":{"start":{"line":22,"column":6},"end":{"line":22,"column":78}},"type":"binary-expr","locations":[{"start":{"line":22,"column":6},"end":{"line":22,"column":29}},{"start":{"line":22,"column":33},"end":{"line":22,"column":50}},{"start":{"line":22,"column":54},"end":{"line":22,"column":78}}],"line":22}},"s":{"0":1,"1":1,"2":1,"3":1,"4":1,"5":1,"6":1,"7":1,"8":1,"9":2,"10":2,"11":1,"12":2,"13":1,"14":1,"15":2,"16":1,"17":1,"18":1,"19":1,"20":1},"f":{"0":2,"1":2,"2":2,"3":2},"b":{"0":[2,2,2]},"_coverageSchema":"1a1c01bbd47fc00a2c39e90264f33305004495a9","hash":"202d57c81953d03bebe9918c96b770734fd06c66"}
,"E:\\Henrry\\proyecto-individual\\cr-pi-countries-main\\server\\src\\models\\Activity.js": {"path":"E:\\Henrry\\proyecto-individual\\cr-pi-countries-main\\server\\src\\models\\Activity.js","statementMap":{"0":{"start":{"line":1,"column":22},"end":{"line":1,"column":42}},"1":{"start":{"line":2,"column":23},"end":{"line":2,"column":38}},"2":{"start":{"line":4,"column":0},"end":{"line":44,"column":2}},"3":{"start":{"line":5,"column":2},"end":{"line":43,"column":4}}},"fnMap":{"0":{"name":"(anonymous_0)","decl":{"start":{"line":4,"column":17},"end":{"line":4,"column":18}},"loc":{"start":{"line":4,"column":32},"end":{"line":44,"column":1}},"line":4}},"branchMap":{},"s":{"0":1,"1":1,"2":1,"3":1},"f":{"0":1},"b":{},"_coverageSchema":"1a1c01bbd47fc00a2c39e90264f33305004495a9","hash":"9db0607c44a939fa504e55641b19737da7cad63a"}
,"E:\\Henrry\\proyecto-individual\\cr-pi-countries-main\\server\\src\\models\\Country.js": {"path":"E:\\Henrry\\proyecto-individual\\cr-pi-countries-main\\server\\src\\models\\Country.js","statementMap":{"0":{"start":{"line":1,"column":22},"end":{"line":1,"column":42}},"1":{"start":{"line":2,"column":0},"end":{"line":45,"column":2}},"2":{"start":{"line":3,"column":2},"end":{"line":44,"column":4}}},"fnMap":{"0":{"name":"(anonymous_0)","decl":{"start":{"line":2,"column":17},"end":{"line":2,"column":18}},"loc":{"start":{"line":2,"column":32},"end":{"line":45,"column":1}},"line":2}},"branchMap":{},"s":{"0":1,"1":1,"2":1},"f":{"0":1},"b":{},"_coverageSchema":"1a1c01bbd47fc00a2c39e90264f33305004495a9","hash":"8364d0bcca70f09e76f67212a50efb7d474efb4a"}
}
