TN:
SF:src\db.js
FN:21,(anonymous_0)
FN:24,(anonymous_1)
FN:28,(anonymous_2)
FN:31,(anonymous_3)
FNF:4
FNH:4
FNDA:2,(anonymous_0)
FNDA:2,(anonymous_1)
FNDA:2,(anonymous_2)
FNDA:2,(anonymous_3)
DA:1,1
DA:2,1
DA:4,1
DA:5,1
DA:6,1
DA:8,1
DA:15,1
DA:17,1
DA:19,1
DA:22,2
DA:25,2
DA:28,2
DA:30,1
DA:31,2
DA:35,1
DA:37,1
DA:39,1
DA:40,1
DA:42,1
LF:19
LH:19
BRDA:22,0,0,2
BRDA:22,0,1,2
BRDA:22,0,2,2
BRF:3
BRH:3
end_of_record
TN:
SF:src\models\Activity.js
FN:4,(anonymous_0)
FNF:1
FNH:1
FNDA:1,(anonymous_0)
DA:1,1
DA:2,1
DA:4,1
DA:5,1
LF:4
LH:4
BRF:0
BRH:0
end_of_record
TN:
SF:src\models\Country.js
FN:2,(anonymous_0)
FNF:1
FNH:1
FNDA:1,(anonymous_0)
DA:1,1
DA:2,1
DA:3,1
LF:3
LH:3
BRF:0
BRH:0
end_of_record
